<?xml version="1.0" encoding="UTF-8"?>
<testsuite xmlns:xsi="http://www.w3.org/2001/XMLSchema-instance" xsi:noNamespaceSchemaLocation="https://maven.apache.org/surefire/maven-surefire-plugin/xsd/surefire-test-report-3.0.xsd" version="3.0" name="org.springframework.samples.petclinic.Test6" time="1.363" tests="1" errors="0" skipped="0" failures="0">
  <properties>
[...]
</properties>
  <testcase name="test" classname="org.springframework.samples.petclinic.Test6" time="0.234">
    <system-out><![CDATA[2024-12-16T12:18:37.556+01:00  INFO 36854 --- [           main] t.c.s.AnnotationConfigContextLoaderUtils : Could not detect default configuration classes for test class [org.springframework.samples.petclinic.Test6]: Test6 does not declare any static, non-private, non-final, nested classes annotated with @Configuration.
2024-12-16T12:18:37.568+01:00  INFO 36854 --- [           main] .b.t.c.SpringBootTestContextBootstrapper : Found @SpringBootConfiguration org.springframework.samples.petclinic.PetclinicApplication for test class org.springframework.samples.petclinic.Test6


              |\      _,,,--,,_
             /,`.-'`'   ._  \-;;,_
  _______ __|,4-  ) )_   .;.(__`'-'__     ___ __    _ ___ _______
 |       | '---''(_/._)-'(_\_)   |   |   |   |  |  | |   |       |
 |    _  |    ___|_     _|       |   |   |   |   |_| |   |       | __ _ _
 |   |_| |   |___  |   | |       |   |   |   |       |   |       | \ \ \ \
 |    ___|    ___| |   | |      _|   |___|   |  _    |   |      _|  \ \ \ \
 |   |   |   |___  |   | |     |_|       |   | | |   |   |     |_    ) ) ) )
 |___|   |_______| |___| |_______|_______|___|_|  |__|___|_______|  / / / /
 ==================================================================/_/_/_/

:: Built with Spring Boot :: 3.1.1


2024-12-16T12:18:37.607+01:00  WARN 36854 --- [           main] ory$DuplicateJsonObjectContextCustomizer : 

Found multiple occurrences of org.json.JSONObject on the class path:

	jar:file:/Users/marioreyesapresa/.m2/repository/com/vaadin/external/google/android-json/0.0.20131108.vaadin1/android-json-0.0.20131108.vaadin1.jar!/org/json/JSONObject.class
	jar:file:/Users/marioreyesapresa/.m2/repository/org/json/json/20230227/json-20230227.jar!/org/json/JSONObject.class

You may wish to exclude one of them to ensure predictable runtime behavior

2024-12-16T12:18:37.608+01:00  INFO 36854 --- [           main] o.s.samples.petclinic.Test6              : Starting Test6 using Java 18.0.1.1 with PID 36854 (started by marioreyesapresa in /Users/marioreyesapresa/DP1/2023-control2)
2024-12-16T12:18:37.609+01:00  INFO 36854 --- [           main] o.s.samples.petclinic.Test6              : No active profile set, falling back to 1 default profile: "default"
2024-12-16T12:18:37.789+01:00  INFO 36854 --- [           main] .s.d.r.c.RepositoryConfigurationDelegate : Bootstrapping Spring Data JPA repositories in DEFAULT mode.
2024-12-16T12:18:37.828+01:00  INFO 36854 --- [           main] .s.d.r.c.RepositoryConfigurationDelegate : Finished Spring Data repository scanning in 39 ms. Found 14 JPA repository interfaces.
2024-12-16T12:18:37.855+01:00  INFO 36854 --- [           main] beddedDataSourceBeanFactoryPostProcessor : Replacing 'dataSource' DataSource bean with embedded version
2024-12-16T12:18:37.871+01:00  INFO 36854 --- [           main] o.s.j.d.e.EmbeddedDatabaseFactory        : Starting embedded database: url='jdbc:h2:mem:d20ffef1-4584-4795-a533-fa519af54cea;DB_CLOSE_DELAY=-1;DB_CLOSE_ON_EXIT=false', username='sa'
2024-12-16T12:18:37.900+01:00  INFO 36854 --- [           main] o.hibernate.jpa.internal.util.LogHelper  : HHH000204: Processing PersistenceUnitInfo [name: default]
2024-12-16T12:18:37.907+01:00  INFO 36854 --- [           main] o.h.b.i.BytecodeProviderInitiator        : HHH000021: Bytecode provider name : bytebuddy
2024-12-16T12:18:37.907+01:00  INFO 36854 --- [           main] o.s.o.j.p.SpringPersistenceUnitInfo      : No LoadTimeWeaver setup: ignoring JPA class transformer
2024-12-16T12:18:37.966+01:00  INFO 36854 --- [           main] o.h.b.i.BytecodeProviderInitiator        : HHH000021: Bytecode provider name : bytebuddy
2024-12-16T12:18:38.250+01:00  INFO 36854 --- [           main] o.h.e.t.j.p.i.JtaPlatformInitiator       : HHH000490: Using JtaPlatform implementation: [org.hibernate.engine.transaction.jta.platform.internal.NoJtaPlatform]
Hibernate: 
    drop table if exists appusers cascade 
Hibernate: 
    drop table if exists authorities cascade 
Hibernate: 
    drop table if exists clinic_owners cascade 
Hibernate: 
    drop table if exists clinics cascade 
Hibernate: 
    drop table if exists consultation_tickets cascade 
Hibernate: 
    drop table if exists consultations cascade 
Hibernate: 
    drop table if exists operating_rooms cascade 
Hibernate: 
    drop table if exists operating_rooms_valid_for cascade 
Hibernate: 
    drop table if exists owners cascade 
Hibernate: 
    drop table if exists pets cascade 
Hibernate: 
    drop table if exists pets_surgeries cascade 
Hibernate: 
    drop table if exists specialties cascade 
Hibernate: 
    drop table if exists surgeries cascade 
Hibernate: 
    drop table if exists surgeries_surgery_team cascade 
Hibernate: 
    drop table if exists surgery_type cascade 
Hibernate: 
    drop table if exists surgery_type_susceptible_pet_types cascade 
Hibernate: 
    drop table if exists types cascade 
Hibernate: 
    drop table if exists vets cascade 
Hibernate: 
    drop table if exists visits cascade 
Hibernate: 
    drop sequence if exists entity_sequence
Hibernate: 
    create sequence entity_sequence start with 100 increment by 50
Hibernate: 
    create table appusers (
        authority integer not null,
        id integer not null,
        password varchar(255),
        username varchar(255) unique,
        primary key (id)
    )
Hibernate: 
    create table authorities (
        id integer not null,
        authority varchar(20),
        primary key (id)
    )
Hibernate: 
    create table clinic_owners (
        id integer not null,
        user_id integer unique,
        first_name varchar(255),
        last_name varchar(255),
        primary key (id)
    )
Hibernate: 
    create table clinics (
        clinic_owner integer,
        id integer not null,
        address varchar(255),
        name varchar(255),
        plan varchar(255) not null check (plan in ('BASIC','GOLD','PLATINUM')),
        telephone varchar(255),
        primary key (id)
    )
Hibernate: 
    create table consultation_tickets (
        consultation_id integer not null,
        id integer not null,
        user_id integer not null,
        creation_date timestamp(6),
        description varchar(255),
        primary key (id)
    )
Hibernate: 
    create table consultations (
        id integer not null,
        is_clinic_comment boolean not null,
        owner_id integer not null,
        pet_id integer,
        creation_date timestamp(6),
        status varchar(255) not null check (status in ('PENDING','ANSWERED','CLOSED')),
        title varchar(255),
        primary key (id)
    )
Hibernate: 
    create table operating_rooms (
        id integer not null,
        name varchar(50),
        description varchar(255),
        primary key (id)
    )
Hibernate: 
    create table operating_rooms_valid_for (
        operating_room_id integer not null,
        valid_for_id integer not null,
        primary key (operating_room_id, valid_for_id)
    )
Hibernate: 
    create table owners (
        clinic integer,
        id integer not null,
        user_id integer unique,
        address varchar(255),
        city varchar(255),
        first_name varchar(255),
        last_name varchar(255),
        telephone varchar(255),
        primary key (id)
    )
Hibernate: 
    create table pets (
        birth_date date,
        id integer not null,
        owner_id integer,
        type_id integer not null,
        name varchar(50),
        primary key (id)
    )
Hibernate: 
    create table pets_surgeries (
        pet_id integer not null,
        surgeries_id integer not null unique,
        primary key (pet_id, surgeries_id)
    )
Hibernate: 
    create table specialties (
        id integer not null,
        name varchar(50),
        primary key (id)
    )
Hibernate: 
    create table surgeries (
        id integer not null,
        room_id integer not null,
        surgery_date date not null,
        name varchar(50),
        description varchar(255),
        primary key (id)
    )
Hibernate: 
    create table surgeries_surgery_team (
        surgery_id integer not null,
        surgery_team_id integer not null,
        primary key (surgery_id, surgery_team_id)
    )
Hibernate: 
    create table surgery_type (
        id integer not null,
        name varchar(50),
        primary key (id)
    )
Hibernate: 
    create table surgery_type_susceptible_pet_types (
        surgery_type_id integer not null,
        susceptible_pet_types_id integer not null,
        primary key (surgery_type_id, susceptible_pet_types_id)
    )
Hibernate: 
    create table types (
        id integer not null,
        name varchar(50),
        primary key (id)
    )
Hibernate: 
    create table vets (
        clinic integer,
        id integer not null,
        specialty_id integer,
        user_id integer unique,
        city varchar(255),
        first_name varchar(255),
        last_name varchar(255),
        primary key (id)
    )
Hibernate: 
    create table visits (
        id integer not null,
        pet_id integer,
        recommends_id integer,
        vet_id integer not null,
        visit_date_time timestamp(6),
        description varchar(255),
        primary key (id)
    )
Hibernate: 
    alter table if exists appusers 
       add constraint FKgqebgjja4fdf7rww08icgsqmh 
       foreign key (authority) 
       references authorities
Hibernate: 
    alter table if exists clinic_owners 
       add constraint FKcbs34rs1txgav9j71q7lr14wr 
       foreign key (user_id) 
       references appusers 
       on delete cascade
Hibernate: 
    alter table if exists clinics 
       add constraint FKfo6i4owjm1gqfwal98nwgt7ne 
       foreign key (clinic_owner) 
       references clinic_owners 
       on delete cascade
Hibernate: 
    alter table if exists consultation_tickets 
       add constraint FKt3l8ba6gpdfikmpsh5wx76e6h 
       foreign key (consultation_id) 
       references consultations 
       on delete cascade
Hibernate: 
    alter table if exists consultation_tickets 
       add constraint FKbp301erbrnmul0mep92t4nohg 
       foreign key (user_id) 
       references appusers 
       on delete cascade
Hibernate: 
    alter table if exists consultations 
       add constraint FK3l5xlwv6xtgcgrcdm70g8hb37 
       foreign key (owner_id) 
       references owners
Hibernate: 
    alter table if exists consultations 
       add constraint FK1u4ifl4aogb549rkac3xqbm60 
       foreign key (pet_id) 
       references pets
Hibernate: 
    alter table if exists operating_rooms_valid_for 
       add constraint FKdeaj6wytb0ov16l5ndj8fl503 
       foreign key (valid_for_id) 
       references types
Hibernate: 
    alter table if exists operating_rooms_valid_for 
       add constraint FK7cfm2xmpncxx7ce80cfhvogbb 
       foreign key (operating_room_id) 
       references operating_rooms
Hibernate: 
    alter table if exists owners 
       add constraint FK3tegy5hpqm07u36bpi70uqvrl 
       foreign key (clinic) 
       references clinics 
       on delete cascade
Hibernate: 
    alter table if exists owners 
       add constraint FKivtnuuio2xfaga7bxv7o4oj36 
       foreign key (user_id) 
       references appusers 
       on delete cascade
Hibernate: 
    alter table if exists pets 
       add constraint FK6teg4kcjcnjhduguft56wcfoa 
       foreign key (owner_id) 
       references owners 
       on delete cascade
Hibernate: 
    alter table if exists pets 
       add constraint FKtmmh1tq8pah5vxf8kuqqplo4p 
       foreign key (type_id) 
       references types
Hibernate: 
    alter table if exists pets_surgeries 
       add constraint FK2peuqs4rpy0pkb37ddmk3wj4y 
       foreign key (surgeries_id) 
       references surgeries
Hibernate: 
    alter table if exists pets_surgeries 
       add constraint FKcf0gso8g13gf9bvi9qavit3n3 
       foreign key (pet_id) 
       references pets
Hibernate: 
    alter table if exists surgeries 
       add constraint FKpgig5csejnb54xjtxj7x6gtb5 
       foreign key (room_id) 
       references operating_rooms
Hibernate: 
    alter table if exists surgeries_surgery_team 
       add constraint FK9vbt5j138sqma2bh1wq0jfgxg 
       foreign key (surgery_team_id) 
       references vets
Hibernate: 
    alter table if exists surgeries_surgery_team 
       add constraint FKnrr8ewtitcccmjmgvoeocct8a 
       foreign key (surgery_id) 
       references surgeries
Hibernate: 
    alter table if exists surgery_type_susceptible_pet_types 
       add constraint FKd65i9h29aw9yry9jmwx9lpjl 
       foreign key (susceptible_pet_types_id) 
       references types
Hibernate: 
    alter table if exists surgery_type_susceptible_pet_types 
       add constraint FKh4arto0d56n4602x2asltmebi 
       foreign key (surgery_type_id) 
       references surgery_type
Hibernate: 
    alter table if exists vets 
       add constraint FK2p0tbc3ckxffr5b9in4umxfy8 
       foreign key (clinic) 
       references clinics
Hibernate: 
    alter table if exists vets 
       add constraint FK9f98bhmngex4rse2j040er3na 
       foreign key (specialty_id) 
       references specialties
Hibernate: 
    alter table if exists vets 
       add constraint FK5nwjcgpnlqwu01x2qm0ixk9n7 
       foreign key (user_id) 
       references appusers
Hibernate: 
    alter table if exists visits 
       add constraint FK6jcifhlqqlsfseu67utlouauy 
       foreign key (pet_id) 
       references pets 
       on delete cascade
Hibernate: 
    alter table if exists visits 
       add constraint FK28q10dsvj2k4pmtvvc2d3ma85 
       foreign key (recommends_id) 
       references surgery_type
Hibernate: 
    alter table if exists visits 
       add constraint FK8036qgt84d8h5cckxrj952qoe 
       foreign key (vet_id) 
       references vets 
       on delete cascade
2024-12-16T12:18:38.322+01:00  INFO 36854 --- [           main] j.LocalContainerEntityManagerFactoryBean : Initialized JPA EntityManagerFactory for persistence unit 'default'
2024-12-16T12:18:38.676+01:00  INFO 36854 --- [           main] o.s.samples.petclinic.Test6              : Started Test6 in 1.103 seconds (process running for 14.929)
Hibernate: 
    select
        p1_0.id,
        p1_0.name 
    from
        types p1_0 
    where
        p1_0.id=?
Hibernate: 
    select
        p1_0.id,
        p1_0.name 
    from
        types p1_0 
    where
        p1_0.id=?
Hibernate: 
    select
        p1_0.id,
        p1_0.name 
    from
        types p1_0 
    where
        p1_0.id=?
Hibernate: 
    select
        v1_0.id,
        v1_0.city,
        v1_0.clinic,
        v1_0.first_name,
        v1_0.last_name,
        v1_0.specialty_id,
        v1_0.user_id 
    from
        vets v1_0 
    join
        visits v2_0 
            on v1_0.id=v2_0.vet_id 
    join
        pets p1_0 
            on p1_0.id=v2_0.pet_id 
    where
        v2_0.visit_date_time between ? and ? 
        and p1_0.type_id in (?,?) 
    group by
        v1_0.id,
        v1_0.city,
        v1_0.clinic,
        v1_0.first_name,
        v1_0.last_name,
        v1_0.specialty_id,
        v1_0.user_id 
    having
        count(v2_0.id)>=?
Hibernate: 
    select
        c1_0.id,
        c1_0.address,
        c2_0.id,
        c2_0.first_name,
        c2_0.last_name,
        u1_0.id,
        u1_0.authority,
        a1_0.id,
        a1_0.authority,
        u1_0.password,
        u1_0.username,
        c1_0.name,
        c1_0.plan,
        c1_0.telephone 
    from
        clinics c1_0 
    left join
        clinic_owners c2_0 
            on c2_0.id=c1_0.clinic_owner 
    left join
        appusers u1_0 
            on u1_0.id=c2_0.user_id 
    left join
        authorities a1_0 
            on a1_0.id=u1_0.authority 
    where
        c1_0.id=?
Hibernate: 
    select
        s1_0.id,
        s1_0.name 
    from
        specialties s1_0 
    where
        s1_0.id=?
Hibernate: 
    select
        u1_0.id,
        u1_0.authority,
        a1_0.id,
        a1_0.authority,
        u1_0.password,
        u1_0.username 
    from
        appusers u1_0 
    join
        authorities a1_0 
            on a1_0.id=u1_0.authority 
    where
        u1_0.id=?
Hibernate: 
    select
        v1_0.id,
        v1_0.city,
        v1_0.clinic,
        v1_0.first_name,
        v1_0.last_name,
        v1_0.specialty_id,
        v1_0.user_id 
    from
        vets v1_0 
    join
        visits v2_0 
            on v1_0.id=v2_0.vet_id 
    join
        pets p1_0 
            on p1_0.id=v2_0.pet_id 
    where
        v2_0.visit_date_time between ? and ? 
        and p1_0.type_id in (?,?) 
    group by
        v1_0.id,
        v1_0.city,
        v1_0.clinic,
        v1_0.first_name,
        v1_0.last_name,
        v1_0.specialty_id,
        v1_0.user_id 
    having
        count(v2_0.id)>=?
Hibernate: 
    select
        c1_0.id,
        c1_0.address,
        c2_0.id,
        c2_0.first_name,
        c2_0.last_name,
        u1_0.id,
        u1_0.authority,
        a1_0.id,
        a1_0.authority,
        u1_0.password,
        u1_0.username,
        c1_0.name,
        c1_0.plan,
        c1_0.telephone 
    from
        clinics c1_0 
    left join
        clinic_owners c2_0 
            on c2_0.id=c1_0.clinic_owner 
    left join
        appusers u1_0 
            on u1_0.id=c2_0.user_id 
    left join
        authorities a1_0 
            on a1_0.id=u1_0.authority 
    where
        c1_0.id=?
Hibernate: 
    select
        s1_0.id,
        s1_0.name 
    from
        specialties s1_0 
    where
        s1_0.id=?
Hibernate: 
    select
        u1_0.id,
        u1_0.authority,
        a1_0.id,
        a1_0.authority,
        u1_0.password,
        u1_0.username 
    from
        appusers u1_0 
    join
        authorities a1_0 
            on a1_0.id=u1_0.authority 
    where
        u1_0.id=?
Hibernate: 
    select
        c1_0.id,
        c1_0.address,
        c2_0.id,
        c2_0.first_name,
        c2_0.last_name,
        u1_0.id,
        u1_0.authority,
        a1_0.id,
        a1_0.authority,
        u1_0.password,
        u1_0.username,
        c1_0.name,
        c1_0.plan,
        c1_0.telephone 
    from
        clinics c1_0 
    left join
        clinic_owners c2_0 
            on c2_0.id=c1_0.clinic_owner 
    left join
        appusers u1_0 
            on u1_0.id=c2_0.user_id 
    left join
        authorities a1_0 
            on a1_0.id=u1_0.authority 
    where
        c1_0.id=?
Hibernate: 
    select
        u1_0.id,
        u1_0.authority,
        a1_0.id,
        a1_0.authority,
        u1_0.password,
        u1_0.username 
    from
        appusers u1_0 
    join
        authorities a1_0 
            on a1_0.id=u1_0.authority 
    where
        u1_0.id=?
Hibernate: 
    select
        v1_0.id,
        v1_0.city,
        v1_0.clinic,
        v1_0.first_name,
        v1_0.last_name,
        v1_0.specialty_id,
        v1_0.user_id 
    from
        vets v1_0 
    join
        visits v2_0 
            on v1_0.id=v2_0.vet_id 
    join
        pets p1_0 
            on p1_0.id=v2_0.pet_id 
    where
        v2_0.visit_date_time between ? and ? 
        and p1_0.type_id in (?,?) 
    group by
        v1_0.id,
        v1_0.city,
        v1_0.clinic,
        v1_0.first_name,
        v1_0.last_name,
        v1_0.specialty_id,
        v1_0.user_id 
    having
        count(v2_0.id)>=?
Hibernate: 
    select
        v1_0.id,
        v1_0.city,
        v1_0.clinic,
        v1_0.first_name,
        v1_0.last_name,
        v1_0.specialty_id,
        v1_0.user_id 
    from
        vets v1_0 
    join
        visits v2_0 
            on v1_0.id=v2_0.vet_id 
    join
        pets p1_0 
            on p1_0.id=v2_0.pet_id 
    where
        v2_0.visit_date_time between ? and ? 
        and p1_0.type_id in (?,?) 
    group by
        v1_0.id,
        v1_0.city,
        v1_0.clinic,
        v1_0.first_name,
        v1_0.last_name,
        v1_0.specialty_id,
        v1_0.user_id 
    having
        count(v2_0.id)>=?
Hibernate: 
    select
        v1_0.id,
        v1_0.city,
        v1_0.clinic,
        v1_0.first_name,
        v1_0.last_name,
        v1_0.specialty_id,
        v1_0.user_id 
    from
        vets v1_0 
    join
        visits v2_0 
            on v1_0.id=v2_0.vet_id 
    join
        pets p1_0 
            on p1_0.id=v2_0.pet_id 
    where
        v2_0.visit_date_time between ? and ? 
        and p1_0.type_id in (?) 
    group by
        v1_0.id,
        v1_0.city,
        v1_0.clinic,
        v1_0.first_name,
        v1_0.last_name,
        v1_0.specialty_id,
        v1_0.user_id 
    having
        count(v2_0.id)>=?
Hibernate: 
    select
        v1_0.id,
        v1_0.city,
        v1_0.clinic,
        v1_0.first_name,
        v1_0.last_name,
        v1_0.specialty_id,
        v1_0.user_id 
    from
        vets v1_0 
    join
        visits v2_0 
            on v1_0.id=v2_0.vet_id 
    join
        pets p1_0 
            on p1_0.id=v2_0.pet_id 
    where
        v2_0.visit_date_time between ? and ? 
        and p1_0.type_id in (?) 
    group by
        v1_0.id,
        v1_0.city,
        v1_0.clinic,
        v1_0.first_name,
        v1_0.last_name,
        v1_0.specialty_id,
        v1_0.user_id 
    having
        count(v2_0.id)>=?
]]></system-out>
  </testcase>
</testsuite>